0 info it worked if it ends with ok
1 verbose cli [ '/usr/local/Cellar/node/7.7.4/bin/node',
1 verbose cli   '/usr/local/bin/npm',
1 verbose cli   'completion',
1 verbose cli   '--' ]
2 info using npm@4.1.2
3 info using node@v7.7.4
4 verbose stack TypeError: Cannot read property 'length' of undefined
4 verbose stack     at EventEmitter.completion (/usr/local/lib/node_modules/npm/lib/completion.js:80:22)
4 verbose stack     at Object.commandCache.(anonymous function) (/usr/local/lib/node_modules/npm/lib/npm.js:128:13)
4 verbose stack     at EventEmitter.<anonymous> (/usr/local/lib/node_modules/npm/bin/npm-cli.js:77:30)
4 verbose stack     at _combinedTickCallback (internal/process/next_tick.js:73:7)
4 verbose stack     at process._tickCallback (internal/process/next_tick.js:104:9)
5 verbose cwd /Users/christopherdumas/atomicdatabase
6 error Darwin 16.4.0
7 error argv "/usr/local/Cellar/node/7.7.4/bin/node" "/usr/local/bin/npm" "completion" "--"
8 error node v7.7.4
9 error npm  v4.1.2
10 error Cannot read property 'length' of undefined
11 error If you need help, you may report this error at:
11 error     <https://github.com/npm/npm/issues>
12 verbose exit [ 1, true ]
